[18/Jan/2019:14:04:13 +0800] 0:0:0:0:0:0:0:1 "GET /cas-management HTTP/1.1" 302 (0 ms)
[18/Jan/2019:14:04:15 +0800] 0:0:0:0:0:0:0:1 "GET /cas-management/ HTTP/1.1" 302 (1780 ms)
[18/Jan/2019:14:04:15 +0800] 0:0:0:0:0:0:0:1 "GET /cas-management/manage.html HTTP/1.1" 302 (40 ms)
[18/Jan/2019:14:06:22 +0800] 0:0:0:0:0:0:0:1 "GET /cas-management HTTP/1.1" 302 (0 ms)
[18/Jan/2019:14:06:22 +0800] 0:0:0:0:0:0:0:1 "GET /cas-management/ HTTP/1.1" 302 (6 ms)
[18/Jan/2019:14:06:22 +0800] 0:0:0:0:0:0:0:1 "GET /cas-management/manage.html HTTP/1.1" 302 (6 ms)
[18/Jan/2019:14:08:09 +0800] 0:0:0:0:0:0:0:1 "GET /cas-management/manage.html?ticket=ST-1-AkSUCmmlLtrzIkioCZop-SKY-20181120RDD HTTP/1.1" 200 (2484 ms)
[18/Jan/2019:14:08:09 +0800] 0:0:0:0:0:0:0:1 "GET /cas-management/js/app-jquery.js HTTP/1.1" 200 (8 ms)
[18/Jan/2019:14:08:09 +0800] 0:0:0:0:0:0:0:1 "GET /cas-management/js/app/app-angular.js HTTP/1.1" 200 (14 ms)
[18/Jan/2019:14:08:09 +0800] 0:0:0:0:0:0:0:1 "GET /cas-management/images/logo_cas.png HTTP/1.1" 200 (15 ms)
[18/Jan/2019:14:08:10 +0800] 0:0:0:0:0:0:0:1 "GET /cas-management/css/cas-management.css HTTP/1.1" 200 (298 ms)
[18/Jan/2019:14:09:14 +0800] 0:0:0:0:0:0:0:1 "GET /cas-management/favicon.ico HTTP/1.1" 200 (1745 ms)
[18/Jan/2019:14:09:42 +0800] 0:0:0:0:0:0:0:1 "GET /cas-management HTTP/1.1" 302 (0 ms)
[18/Jan/2019:14:09:42 +0800] 0:0:0:0:0:0:0:1 "GET /cas-management/ HTTP/1.1" 302 (14 ms)
[18/Jan/2019:14:09:42 +0800] 0:0:0:0:0:0:0:1 "GET /cas-management/manage.html HTTP/1.1" 302 (4 ms)
[18/Jan/2019:14:13:34 +0800] 0:0:0:0:0:0:0:1 "GET /cas-management HTTP/1.1" 302 (0 ms)
[18/Jan/2019:14:13:36 +0800] 0:0:0:0:0:0:0:1 "GET /cas-management/ HTTP/1.1" 302 (1815 ms)
[18/Jan/2019:14:13:36 +0800] 0:0:0:0:0:0:0:1 "GET /cas-management/manage.html HTTP/1.1" 302 (35 ms)
[18/Jan/2019:14:13:37 +0800] 0:0:0:0:0:0:0:1 "GET /cas-management/manage.html?ticket=ST-2-7K5ZfKeCUafL9bUjZr3P-SKY-20181120RDD HTTP/1.1" 200 (696 ms)
[18/Jan/2019:14:13:37 +0800] 0:0:0:0:0:0:0:1 "GET /cas-management/manage.html?ticket=ST-3-sbRZ2NwaKKDMceDMa5lp-SKY-20181120RDD HTTP/1.1" 200 (671 ms)
[18/Jan/2019:14:13:37 +0800] 0:0:0:0:0:0:0:1 "GET /cas-management/js/app-jquery.js HTTP/1.1" 200 (9 ms)
[18/Jan/2019:14:13:37 +0800] 0:0:0:0:0:0:0:1 "GET /cas-management/images/logo_cas.png HTTP/1.1" 200 (8 ms)
[18/Jan/2019:14:13:37 +0800] 0:0:0:0:0:0:0:1 "GET /cas-management/js/app/app-angular.js HTTP/1.1" 200 (18 ms)
[18/Jan/2019:14:13:37 +0800] 0:0:0:0:0:0:0:1 "GET /cas-management/css/cas-management.css HTTP/1.1" 200 (33 ms)
[18/Jan/2019:14:16:43 +0800] 0:0:0:0:0:0:0:1 "GET /cas-management HTTP/1.1" 302 (0 ms)
[18/Jan/2019:14:16:43 +0800] 0:0:0:0:0:0:0:1 "GET /cas-management/ HTTP/1.1" 302 (8 ms)
[18/Jan/2019:14:16:43 +0800] 0:0:0:0:0:0:0:1 "GET /cas-management/manage.html HTTP/1.1" 302 (3 ms)
[18/Jan/2019:14:16:43 +0800] 0:0:0:0:0:0:0:1 "GET /cas-management/manage.html?ticket=ST-4-fY3i6kfJWn6719ghhQPw-SKY-20181120RDD HTTP/1.1" 200 (96 ms)
[18/Jan/2019:14:16:50 +0800] 0:0:0:0:0:0:0:1 "-" 400 (0 ms)
[18/Jan/2019:14:16:50 +0800] 0:0:0:0:0:0:0:1 "-" 400 (0 ms)
[18/Jan/2019:14:16:50 +0800] 0:0:0:0:0:0:0:1 "-" 400 (0 ms)
[18/Jan/2019:14:16:58 +0800] 0:0:0:0:0:0:0:1 "GET /cas-management/manage.html?ticket=ST-5-hItENjGmLf4L7cFFLote-SKY-20181120RDD HTTP/1.1" 200 (120 ms)
[18/Jan/2019:14:16:58 +0800] 0:0:0:0:0:0:0:1 "GET /cas-management/css/cas-management.css HTTP/1.1" 304 (6 ms)
[18/Jan/2019:14:16:58 +0800] 0:0:0:0:0:0:0:1 "GET /cas-management/js/app/app-angular.js HTTP/1.1" 304 (3 ms)
[18/Jan/2019:14:16:58 +0800] 0:0:0:0:0:0:0:1 "GET /cas-management/images/logo_cas.png HTTP/1.1" 304 (5 ms)
[18/Jan/2019:14:16:58 +0800] 0:0:0:0:0:0:0:1 "GET /cas-management/js/app-jquery.js HTTP/1.1" 304 (2 ms)
[18/Jan/2019:14:17:44 +0800] 0:0:0:0:0:0:0:1 "GET /cas-management/manage.html?ticket=ST-6-9qHN69OPDHD77zVbMkFJ-SKY-20181120RDD HTTP/1.1" 200 (156 ms)
[18/Jan/2019:14:17:45 +0800] 0:0:0:0:0:0:0:1 "GET /cas-management/css/cas-management.css HTTP/1.1" 304 (3 ms)
[18/Jan/2019:14:17:45 +0800] 0:0:0:0:0:0:0:1 "GET /cas-management/js/app/app-angular.js HTTP/1.1" 304 (3 ms)
[18/Jan/2019:14:17:45 +0800] 0:0:0:0:0:0:0:1 "GET /cas-management/images/logo_cas.png HTTP/1.1" 304 (3 ms)
[18/Jan/2019:14:17:45 +0800] 0:0:0:0:0:0:0:1 "GET /cas-management/js/app-jquery.js HTTP/1.1" 304 (4 ms)
[18/Jan/2019:14:18:48 +0800] 0:0:0:0:0:0:0:1 "GET /cas-management/manage.html?ticket=ST-5-hItENjGmLf4L7cFFLote-SKY-20181120RDD HTTP/1.1" 200 (67 ms)
[18/Jan/2019:14:18:48 +0800] 0:0:0:0:0:0:0:1 "GET /cas-management/css/cas-management.css HTTP/1.1" 304 (3 ms)
[18/Jan/2019:14:18:48 +0800] 0:0:0:0:0:0:0:1 "GET /cas-management/images/logo_cas.png HTTP/1.1" 304 (2 ms)
[18/Jan/2019:14:18:48 +0800] 0:0:0:0:0:0:0:1 "GET /cas-management/js/app/app-angular.js HTTP/1.1" 304 (2 ms)
[18/Jan/2019:14:18:48 +0800] 0:0:0:0:0:0:0:1 "GET /cas-management/js/app-jquery.js HTTP/1.1" 304 (1 ms)
[18/Jan/2019:14:18:50 +0800] 0:0:0:0:0:0:0:1 "GET /cas-management/favicon.ico HTTP/1.1" 200 (1752 ms)
[18/Jan/2019:14:19:19 +0800] 0:0:0:0:0:0:0:1 "GET /cas-management/manage.html?ticket=ST-5-hItENjGmLf4L7cFFLote-SKY-20181120RDD HTTP/1.1" 200 (57 ms)
[18/Jan/2019:14:19:51 +0800] 0:0:0:0:0:0:0:1 "GET /cas-management/js/app/app-angular.js HTTP/1.1" 304 (5 ms)
[18/Jan/2019:14:19:51 +0800] 0:0:0:0:0:0:0:1 "GET /cas-management/js/app-jquery.js HTTP/1.1" 304 (3 ms)
[18/Jan/2019:14:19:52 +0800] 0:0:0:0:0:0:0:1 "GET /cas-management/images/logo_cas.png HTTP/1.1" 304 (3 ms)
[18/Jan/2019:14:19:52 +0800] 0:0:0:0:0:0:0:1 "GET /cas-management/favicon.ico HTTP/1.1" 200 (3 ms)
[18/Jan/2019:14:23:37 +0800] 0:0:0:0:0:0:0:1 "GET /cas-management HTTP/1.1" 302 (0 ms)
[18/Jan/2019:14:23:37 +0800] 0:0:0:0:0:0:0:1 "GET /cas-management/ HTTP/1.1" 302 (2 ms)
[18/Jan/2019:14:23:37 +0800] 0:0:0:0:0:0:0:1 "GET /cas-management/manage.html HTTP/1.1" 302 (3 ms)
[18/Jan/2019:14:23:37 +0800] 0:0:0:0:0:0:0:1 "GET /cas-management/manage.html?ticket=ST-7-6XKeIdMbbWBphydoWP94-SKY-20181120RDD HTTP/1.1" 200 (108 ms)
[18/Jan/2019:14:23:38 +0800] 0:0:0:0:0:0:0:1 "GET /cas-management/manage.html?ticket=ST-8-99HqrZU6DtZe4lPgdiQy-SKY-20181120RDD HTTP/1.1" 200 (135 ms)
[18/Jan/2019:14:23:38 +0800] 0:0:0:0:0:0:0:1 "GET /cas-management/css/cas-management.css HTTP/1.1" 304 (3 ms)
[18/Jan/2019:14:23:38 +0800] 0:0:0:0:0:0:0:1 "GET /cas-management/js/app/app-angular.js HTTP/1.1" 304 (4 ms)
[18/Jan/2019:14:23:38 +0800] 0:0:0:0:0:0:0:1 "GET /cas-management/js/app-jquery.js HTTP/1.1" 304 (4 ms)
[18/Jan/2019:14:23:38 +0800] 0:0:0:0:0:0:0:1 "GET /cas-management/images/logo_cas.png HTTP/1.1" 304 (7 ms)
[18/Jan/2019:14:24:58 +0800] 0:0:0:0:0:0:0:1 "GET /cas-management HTTP/1.1" 302 (0 ms)
[18/Jan/2019:14:24:58 +0800] 0:0:0:0:0:0:0:1 "GET /cas-management/ HTTP/1.1" 302 (2 ms)
[18/Jan/2019:14:24:58 +0800] 0:0:0:0:0:0:0:1 "GET /cas-management/manage.html HTTP/1.1" 302 (4 ms)
[18/Jan/2019:14:28:12 +0800] 0:0:0:0:0:0:0:1 "GET /cas-management/manage.html?ticket=ST-9-kDPB6cRfuCyM0eVg3J4F-SKY-20181120RDD HTTP/1.1" 200 (47 ms)
[18/Jan/2019:14:28:12 +0800] 0:0:0:0:0:0:0:1 "GET /cas-management/css/cas-management.css HTTP/1.1" 304 (3 ms)
[18/Jan/2019:14:28:12 +0800] 0:0:0:0:0:0:0:1 "GET /cas-management/js/app/app-angular.js HTTP/1.1" 304 (2 ms)
[18/Jan/2019:14:28:12 +0800] 0:0:0:0:0:0:0:1 "GET /cas-management/images/logo_cas.png HTTP/1.1" 304 (2 ms)
[18/Jan/2019:14:28:12 +0800] 0:0:0:0:0:0:0:1 "GET /cas-management/js/app-jquery.js HTTP/1.1" 304 (6 ms)
[18/Jan/2019:14:28:20 +0800] 0:0:0:0:0:0:0:1 "GET /cas-management/manage.html?ticket=ST-10-IRNqaEUtOkAj5fBRMrxZ-SKY-20181120RDD HTTP/1.1" 200 (47 ms)
[18/Jan/2019:14:28:34 +0800] 0:0:0:0:0:0:0:1 "GET /cas-management HTTP/1.1" 302 (0 ms)
[18/Jan/2019:14:28:34 +0800] 0:0:0:0:0:0:0:1 "GET /cas-management/ HTTP/1.1" 302 (3 ms)
[18/Jan/2019:14:28:34 +0800] 0:0:0:0:0:0:0:1 "GET /cas-management/manage.html HTTP/1.1" 302 (2 ms)
[18/Jan/2019:14:28:34 +0800] 0:0:0:0:0:0:0:1 "GET /cas-management/manage.html?ticket=ST-11-DGzRP5UH9Fm1WY669Yue-SKY-20181120RDD HTTP/1.1" 200 (40 ms)
[18/Jan/2019:14:28:35 +0800] 0:0:0:0:0:0:0:1 "GET /cas-management/manage.html?ticket=ST-12-pbPBCew2kj0DefRKKSAk-SKY-20181120RDD HTTP/1.1" 200 (36 ms)
[18/Jan/2019:14:28:51 +0800] 0:0:0:0:0:0:0:1 "GET /cas-management HTTP/1.1" 302 (0 ms)
[18/Jan/2019:14:28:51 +0800] 0:0:0:0:0:0:0:1 "GET /cas-management/ HTTP/1.1" 302 (2 ms)
[18/Jan/2019:14:28:51 +0800] 0:0:0:0:0:0:0:1 "GET /cas-management/manage.html HTTP/1.1" 302 (3 ms)
[18/Jan/2019:14:28:51 +0800] 0:0:0:0:0:0:0:1 "GET /cas-management/manage.html?ticket=ST-13-ImBFPg5RuQMVoHl6pOnN-SKY-20181120RDD HTTP/1.1" 200 (57 ms)
[18/Jan/2019:14:29:09 +0800] 0:0:0:0:0:0:0:1 "GET /cas-management HTTP/1.1" 302 (0 ms)
[18/Jan/2019:14:29:09 +0800] 0:0:0:0:0:0:0:1 "GET /cas-management/ HTTP/1.1" 302 (2 ms)
[18/Jan/2019:14:29:09 +0800] 0:0:0:0:0:0:0:1 "GET /cas-management/manage.html HTTP/1.1" 302 (5 ms)
[18/Jan/2019:14:29:20 +0800] 0:0:0:0:0:0:0:1 "GET /cas-management/manage.html?ticket=ST-14-4dqk7v2PORph1BF2sOad-SKY-20181120RDD HTTP/1.1" 200 (29 ms)
[18/Jan/2019:14:30:28 +0800] 0:0:0:0:0:0:0:1 "GET /cas-management HTTP/1.1" 302 (0 ms)
[18/Jan/2019:14:30:28 +0800] 0:0:0:0:0:0:0:1 "GET /cas-management/ HTTP/1.1" 302 (3 ms)
[18/Jan/2019:14:30:28 +0800] 0:0:0:0:0:0:0:1 "GET /cas-management/manage.html HTTP/1.1" 302 (2 ms)
[18/Jan/2019:14:30:36 +0800] 0:0:0:0:0:0:0:1 "GET /cas-management/manage.html?ticket=ST-15-f23lrexc6u7hX0OnrEvx-SKY-20181120RDD HTTP/1.1" 200 (27 ms)
[18/Jan/2019:14:30:36 +0800] 0:0:0:0:0:0:0:1 "GET /cas-management/css/cas-management.css HTTP/1.1" 304 (2 ms)
[18/Jan/2019:14:30:36 +0800] 0:0:0:0:0:0:0:1 "GET /cas-management/js/app-jquery.js HTTP/1.1" 304 (2 ms)
[18/Jan/2019:14:30:36 +0800] 0:0:0:0:0:0:0:1 "GET /cas-management/js/app/app-angular.js HTTP/1.1" 304 (2 ms)
[18/Jan/2019:14:30:36 +0800] 0:0:0:0:0:0:0:1 "GET /cas-management/images/logo_cas.png HTTP/1.1" 304 (4 ms)
[18/Jan/2019:14:36:11 +0800] 0:0:0:0:0:0:0:1 "GET /cas-management HTTP/1.1" 302 (0 ms)
[18/Jan/2019:14:36:13 +0800] 0:0:0:0:0:0:0:1 "GET /cas-management/ HTTP/1.1" 302 (2169 ms)
[18/Jan/2019:14:36:13 +0800] 0:0:0:0:0:0:0:1 "GET /cas-management/manage.html HTTP/1.1" 302 (45 ms)
[18/Jan/2019:14:36:37 +0800] 0:0:0:0:0:0:0:1 "GET /cas-management HTTP/1.1" 302 (0 ms)
[18/Jan/2019:14:36:37 +0800] 0:0:0:0:0:0:0:1 "GET /cas-management/ HTTP/1.1" 302 (5 ms)
[18/Jan/2019:14:36:37 +0800] 0:0:0:0:0:0:0:1 "GET /cas-management/manage.html HTTP/1.1" 302 (6 ms)
[18/Jan/2019:14:37:42 +0800] 0:0:0:0:0:0:0:1 "GET /cas-management HTTP/1.1" 302 (0 ms)
[18/Jan/2019:14:37:43 +0800] 0:0:0:0:0:0:0:1 "GET /cas-management/ HTTP/1.1" 302 (8 ms)
[18/Jan/2019:14:37:43 +0800] 0:0:0:0:0:0:0:1 "GET /cas-management/manage.html HTTP/1.1" 302 (7 ms)
[18/Jan/2019:14:38:06 +0800] 0:0:0:0:0:0:0:1 "GET /cas-management/manage.html?ticket=ST-15-f23lrexc6u7hX0OnrEvx-SKY-20181120RDD HTTP/1.1" 200 (2327 ms)
[18/Jan/2019:14:38:07 +0800] 0:0:0:0:0:0:0:1 "GET /cas-management/images/logo_cas.png HTTP/1.1" 200 (10 ms)
[18/Jan/2019:14:38:07 +0800] 0:0:0:0:0:0:0:1 "GET /cas-management/js/app-jquery.js HTTP/1.1" 200 (13 ms)
[18/Jan/2019:14:38:07 +0800] 0:0:0:0:0:0:0:1 "GET /cas-management/js/app/app-angular.js HTTP/1.1" 200 (141 ms)
[18/Jan/2019:14:38:07 +0800] 0:0:0:0:0:0:0:1 "GET /cas-management/css/cas-management.css HTTP/1.1" 200 (149 ms)
[18/Jan/2019:14:38:38 +0800] 0:0:0:0:0:0:0:1 "GET /cas-management HTTP/1.1" 302 (0 ms)
[18/Jan/2019:14:38:38 +0800] 0:0:0:0:0:0:0:1 "GET /cas-management/ HTTP/1.1" 302 (6 ms)
[18/Jan/2019:14:38:38 +0800] 0:0:0:0:0:0:0:1 "GET /cas-management/manage.html HTTP/1.1" 302 (7 ms)
[18/Jan/2019:14:38:47 +0800] 0:0:0:0:0:0:0:1 "GET /cas-management HTTP/1.1" 302 (0 ms)
[18/Jan/2019:14:38:47 +0800] 0:0:0:0:0:0:0:1 "GET /cas-management/ HTTP/1.1" 302 (5 ms)
[18/Jan/2019:14:38:47 +0800] 0:0:0:0:0:0:0:1 "GET /cas-management/manage.html HTTP/1.1" 302 (6 ms)
[18/Jan/2019:14:38:53 +0800] 0:0:0:0:0:0:0:1 "GET /favicon.ico HTTP/1.1" 404 (0 ms)
[18/Jan/2019:14:38:53 +0800] 0:0:0:0:0:0:0:1 "GET /cas-management HTTP/1.1" 302 (0 ms)
[18/Jan/2019:14:38:53 +0800] 0:0:0:0:0:0:0:1 "GET /cas-management/ HTTP/1.1" 302 (2 ms)
[18/Jan/2019:14:38:53 +0800] 0:0:0:0:0:0:0:1 "GET /cas-management/manage.html HTTP/1.1" 302 (2 ms)
[18/Jan/2019:14:46:39 +0800] 0:0:0:0:0:0:0:1 "GET /cas-management HTTP/1.1" 302 (0 ms)
[18/Jan/2019:14:46:41 +0800] 0:0:0:0:0:0:0:1 "GET /cas-management/ HTTP/1.1" 302 (1957 ms)
[18/Jan/2019:14:46:41 +0800] 0:0:0:0:0:0:0:1 "GET /cas-management/manage.html HTTP/1.1" 302 (47 ms)
[18/Jan/2019:14:46:52 +0800] 0:0:0:0:0:0:0:1 "GET /cas-management HTTP/1.1" 302 (0 ms)
[18/Jan/2019:14:46:52 +0800] 0:0:0:0:0:0:0:1 "GET /cas-management/ HTTP/1.1" 302 (6 ms)
[18/Jan/2019:14:46:52 +0800] 0:0:0:0:0:0:0:1 "GET /cas-management/manage.html HTTP/1.1" 302 (9 ms)
[18/Jan/2019:14:47:41 +0800] 0:0:0:0:0:0:0:1 "GET /cas-management HTTP/1.1" 302 (0 ms)
[18/Jan/2019:14:47:41 +0800] 0:0:0:0:0:0:0:1 "GET /cas-management/ HTTP/1.1" 302 (7 ms)
[18/Jan/2019:14:47:41 +0800] 0:0:0:0:0:0:0:1 "GET /cas-management/manage.html HTTP/1.1" 302 (5 ms)
[18/Jan/2019:14:47:44 +0800] 0:0:0:0:0:0:0:1 "GET /cas-management HTTP/1.1" 302 (0 ms)
[18/Jan/2019:14:47:44 +0800] 0:0:0:0:0:0:0:1 "GET /cas-management/ HTTP/1.1" 302 (16 ms)
[18/Jan/2019:14:47:44 +0800] 0:0:0:0:0:0:0:1 "GET /cas-management/manage.html HTTP/1.1" 302 (4 ms)
[18/Jan/2019:14:47:47 +0800] 0:0:0:0:0:0:0:1 "GET /cas-management HTTP/1.1" 302 (0 ms)
[18/Jan/2019:14:47:47 +0800] 0:0:0:0:0:0:0:1 "GET /cas-management/ HTTP/1.1" 302 (5 ms)
[18/Jan/2019:14:47:47 +0800] 0:0:0:0:0:0:0:1 "GET /cas-management/manage.html HTTP/1.1" 302 (4 ms)
[18/Jan/2019:14:50:38 +0800] 0:0:0:0:0:0:0:1 "GET /cas-management HTTP/1.1" 302 (0 ms)
[18/Jan/2019:14:50:39 +0800] 0:0:0:0:0:0:0:1 "GET /cas-management/ HTTP/1.1" 302 (1790 ms)
[18/Jan/2019:14:50:40 +0800] 0:0:0:0:0:0:0:1 "GET /cas-management/manage.html HTTP/1.1" 302 (31 ms)
[18/Jan/2019:14:50:51 +0800] 0:0:0:0:0:0:0:1 "GET /cas-management HTTP/1.1" 302 (0 ms)
[18/Jan/2019:14:50:51 +0800] 0:0:0:0:0:0:0:1 "GET /cas-management/ HTTP/1.1" 302 (7 ms)
[18/Jan/2019:14:50:51 +0800] 0:0:0:0:0:0:0:1 "GET /cas-management/manage.html HTTP/1.1" 302 (6 ms)
[18/Jan/2019:14:51:27 +0800] 0:0:0:0:0:0:0:1 "GET /cas-management HTTP/1.1" 302 (0 ms)
[18/Jan/2019:14:51:27 +0800] 0:0:0:0:0:0:0:1 "GET /cas-management/ HTTP/1.1" 302 (13 ms)
[18/Jan/2019:14:51:27 +0800] 0:0:0:0:0:0:0:1 "GET /cas-management/manage.html HTTP/1.1" 302 (5 ms)
[18/Jan/2019:14:54:36 +0800] 0:0:0:0:0:0:0:1 "GET /cas-management HTTP/1.1" 404 (0 ms)
[18/Jan/2019:14:54:39 +0800] 0:0:0:0:0:0:0:1 "GET /cas-management HTTP/1.1" 404 (0 ms)
[18/Jan/2019:14:54:47 +0800] 0:0:0:0:0:0:0:1 "GET /cas-management HTTP/1.1" 404 (0 ms)
[18/Jan/2019:14:55:03 +0800] 0:0:0:0:0:0:0:1 "GET /cas-management HTTP/1.1" 404 (0 ms)
[18/Jan/2019:14:55:06 +0800] 0:0:0:0:0:0:0:1 "GET /cas-management HTTP/1.1" 404 (0 ms)
[18/Jan/2019:14:55:12 +0800] 0:0:0:0:0:0:0:1 "GET /cas-management HTTP/1.1" 404 (0 ms)
[18/Jan/2019:14:55:20 +0800] 0:0:0:0:0:0:0:1 "GET /cas/cas-management HTTP/1.1" 302 (0 ms)
[18/Jan/2019:14:55:22 +0800] 0:0:0:0:0:0:0:1 "GET /cas/cas-management/ HTTP/1.1" 302 (1813 ms)
[18/Jan/2019:14:55:22 +0800] 0:0:0:0:0:0:0:1 "GET /cas/cas-management/manage.html HTTP/1.1" 302 (38 ms)
[18/Jan/2019:14:58:00 +0800] 0:0:0:0:0:0:0:1 "GET /cas-management HTTP/1.1" 302 (0 ms)
[18/Jan/2019:14:58:02 +0800] 0:0:0:0:0:0:0:1 "GET /cas-management/ HTTP/1.1" 302 (1820 ms)
[18/Jan/2019:14:58:02 +0800] 0:0:0:0:0:0:0:1 "GET /cas-management/manage.html HTTP/1.1" 302 (36 ms)
[18/Jan/2019:14:59:29 +0800] 0:0:0:0:0:0:0:1 "GET /cas-management/manage.html?ticket=ST-1-vgqacvWQzQnfePVbuc0f-SKY-20181120RDD HTTP/1.1" 200 (2352 ms)
[18/Jan/2019:14:59:29 +0800] 0:0:0:0:0:0:0:1 "GET /cas-management/js/app-jquery.js HTTP/1.1" 200 (7 ms)
[18/Jan/2019:14:59:29 +0800] 0:0:0:0:0:0:0:1 "GET /cas-management/js/app/app-angular.js HTTP/1.1" 200 (9 ms)
[18/Jan/2019:14:59:29 +0800] 0:0:0:0:0:0:0:1 "GET /cas-management/css/cas-management.css HTTP/1.1" 200 (26 ms)
[18/Jan/2019:14:59:29 +0800] 0:0:0:0:0:0:0:1 "GET /cas-management/images/logo_cas.png HTTP/1.1" 200 (19 ms)
[18/Jan/2019:14:59:40 +0800] 0:0:0:0:0:0:0:1 "GET /cas-management/favicon.ico HTTP/1.1" 200 (1743 ms)
[18/Jan/2019:15:15:04 +0800] 0:0:0:0:0:0:0:1 "GET /cas-management/manage.html?ticket=ST-2-6xvZ1bcTn7PFgevBOCJc-SKY-20181120RDD HTTP/1.1" 200 (83 ms)
[18/Jan/2019:15:18:42 +0800] 0:0:0:0:0:0:0:1 "GET /cas-management HTTP/1.1" 302 (0 ms)
[18/Jan/2019:15:18:46 +0800] 0:0:0:0:0:0:0:1 "GET /cas-management/ HTTP/1.1" 302 (3506 ms)
[18/Jan/2019:15:18:46 +0800] 0:0:0:0:0:0:0:1 "GET /cas-management/manage.html HTTP/1.1" 302 (48 ms)
[18/Jan/2019:15:20:09 +0800] 0:0:0:0:0:0:0:1 "GET /cas-management/manage.html?ticket=ST-1-HvHqdaHbiHZ2qu9fs4dp-SKY-20181120RDD HTTP/1.1" 200 (2337 ms)
[18/Jan/2019:15:20:09 +0800] 0:0:0:0:0:0:0:1 "GET /cas-management/js/app-jquery.js HTTP/1.1" 200 (12 ms)
[18/Jan/2019:15:20:09 +0800] 0:0:0:0:0:0:0:1 "GET /cas-management/css/cas-management.css HTTP/1.1" 200 (31 ms)
[18/Jan/2019:15:20:09 +0800] 0:0:0:0:0:0:0:1 "GET /cas-management/images/logo_cas.png HTTP/1.1" 200 (16 ms)
[18/Jan/2019:15:20:09 +0800] 0:0:0:0:0:0:0:1 "GET /cas-management/js/app/app-angular.js HTTP/1.1" 200 (43 ms)
[18/Jan/2019:15:42:24 +0800] 0:0:0:0:0:0:0:1 "GET /cas-management HTTP/1.1" 302 (0 ms)
[18/Jan/2019:15:42:26 +0800] 0:0:0:0:0:0:0:1 "GET /cas-management/ HTTP/1.1" 302 (2166 ms)
[18/Jan/2019:15:42:26 +0800] 0:0:0:0:0:0:0:1 "GET /cas-management/manage.html HTTP/1.1" 302 (42 ms)
[18/Jan/2019:15:44:07 +0800] 0:0:0:0:0:0:0:1 "GET /cas-management/manage.html?ticket=ST-1-dYGlzzILNEzyjRfQgseq-SKY-20181120RDD HTTP/1.1" 200 (2466 ms)
[18/Jan/2019:15:44:07 +0800] 0:0:0:0:0:0:0:1 "GET /cas-management/js/app-jquery.js HTTP/1.1" 200 (67 ms)
[18/Jan/2019:15:44:07 +0800] 0:0:0:0:0:0:0:1 "GET /cas-management/images/logo_cas.png HTTP/1.1" 200 (68 ms)
[18/Jan/2019:15:44:08 +0800] 0:0:0:0:0:0:0:1 "GET /cas-management/js/app/app-angular.js HTTP/1.1" 200 (297 ms)
[18/Jan/2019:15:44:08 +0800] 0:0:0:0:0:0:0:1 "GET /cas-management/css/cas-management.css HTTP/1.1" 200 (320 ms)
[18/Jan/2019:15:47:14 +0800] 127.0.0.1 "GET /cas-management/manage.html?ticket=ST-1-dYGlzzILNEzyjRfQgseq-SKY-20181120RDD HTTP/1.1" 200 (73 ms)
[18/Jan/2019:15:47:14 +0800] 127.0.0.1 "GET /cas-management/js/app-jquery.js HTTP/1.1" 200 (3 ms)
[18/Jan/2019:15:47:14 +0800] 127.0.0.1 "GET /cas-management/images/logo_cas.png HTTP/1.1" 200 (7 ms)
[18/Jan/2019:15:47:15 +0800] 127.0.0.1 "GET /cas-management/js/app/app-angular.js HTTP/1.1" 200 (60 ms)
[18/Jan/2019:15:47:15 +0800] 127.0.0.1 "GET /cas-management/css/cas-management.css HTTP/1.1" 200 (145 ms)
[18/Jan/2019:15:47:41 +0800] 127.0.0.1 "GET /cas-management HTTP/1.1" 302 (0 ms)
[18/Jan/2019:15:47:41 +0800] 127.0.0.1 "GET /cas-management/ HTTP/1.1" 302 (3 ms)
[18/Jan/2019:15:47:41 +0800] 127.0.0.1 "GET /cas-management/manage.html HTTP/1.1" 302 (3 ms)
[18/Jan/2019:15:52:32 +0800] 0:0:0:0:0:0:0:1 "GET /cas-management HTTP/1.1" 302 (0 ms)
[18/Jan/2019:15:52:32 +0800] 0:0:0:0:0:0:0:1 "GET /cas-management/ HTTP/1.1" 302 (8 ms)
[18/Jan/2019:15:52:32 +0800] 0:0:0:0:0:0:0:1 "GET /cas-management/manage.html HTTP/1.1" 302 (6 ms)
[18/Jan/2019:15:54:52 +0800] 0:0:0:0:0:0:0:1 "GET /cas-management/manage.html?ticket=ST-2-J5wMHK4gZOxeMe0RIBVe-SKY-20181120RDD HTTP/1.1" 200 (50 ms)
[18/Jan/2019:15:54:52 +0800] 0:0:0:0:0:0:0:1 "GET /cas-management/css/cas-management.css HTTP/1.1" 304 (6 ms)
[18/Jan/2019:15:54:52 +0800] 0:0:0:0:0:0:0:1 "GET /cas-management/js/app/app-angular.js HTTP/1.1" 304 (4 ms)
[18/Jan/2019:15:54:52 +0800] 0:0:0:0:0:0:0:1 "GET /cas-management/images/logo_cas.png HTTP/1.1" 304 (4 ms)
[18/Jan/2019:15:54:52 +0800] 0:0:0:0:0:0:0:1 "GET /cas-management/js/app-jquery.js HTTP/1.1" 304 (4 ms)
[18/Jan/2019:15:56:34 +0800] 0:0:0:0:0:0:0:1 "GET /cas-management HTTP/1.1" 302 (0 ms)
[18/Jan/2019:15:56:34 +0800] 0:0:0:0:0:0:0:1 "GET /cas-management/ HTTP/1.1" 302 (14 ms)
[18/Jan/2019:15:56:34 +0800] 0:0:0:0:0:0:0:1 "GET /cas-management/manage.html HTTP/1.1" 302 (3 ms)
[18/Jan/2019:15:56:34 +0800] 0:0:0:0:0:0:0:1 "GET /cas-management/manage.html?ticket=ST-3-BpqfqD02mLUnYYLwgIal-SKY-20181120RDD HTTP/1.1" 200 (63 ms)
[18/Jan/2019:15:56:34 +0800] 0:0:0:0:0:0:0:1 "GET /cas-management/css/cas-management.css HTTP/1.1" 304 (5 ms)
[18/Jan/2019:15:56:34 +0800] 0:0:0:0:0:0:0:1 "GET /cas-management/js/app/app-angular.js HTTP/1.1" 304 (4 ms)
[18/Jan/2019:15:56:34 +0800] 0:0:0:0:0:0:0:1 "GET /cas-management/js/app-jquery.js HTTP/1.1" 304 (3 ms)
[18/Jan/2019:15:56:34 +0800] 0:0:0:0:0:0:0:1 "GET /cas-management/images/logo_cas.png HTTP/1.1" 304 (2 ms)
[18/Jan/2019:15:56:46 +0800] 0:0:0:0:0:0:0:1 "GET /cas-management HTTP/1.1" 302 (0 ms)
[18/Jan/2019:15:56:46 +0800] 0:0:0:0:0:0:0:1 "GET /cas-management/ HTTP/1.1" 302 (3 ms)
[18/Jan/2019:15:56:46 +0800] 0:0:0:0:0:0:0:1 "GET /cas-management/manage.html HTTP/1.1" 302 (4 ms)
[18/Jan/2019:16:00:38 +0800] 0:0:0:0:0:0:0:1 "GET /cas-management/manage.html?ticket=ST-4-o3ygf4Os32Rfqz0Xmwpw-SKY-20181120RDD HTTP/1.1" 200 (52 ms)
[18/Jan/2019:16:00:38 +0800] 0:0:0:0:0:0:0:1 "GET /cas-management/js/app/app-angular.js HTTP/1.1" 304 (4 ms)
[18/Jan/2019:16:00:38 +0800] 0:0:0:0:0:0:0:1 "GET /cas-management/images/logo_cas.png HTTP/1.1" 304 (4 ms)
[18/Jan/2019:16:00:38 +0800] 0:0:0:0:0:0:0:1 "GET /cas-management/js/app-jquery.js HTTP/1.1" 304 (11 ms)
[18/Jan/2019:16:00:38 +0800] 0:0:0:0:0:0:0:1 "GET /cas-management/css/cas-management.css HTTP/1.1" 304 (4 ms)
[18/Jan/2019:16:02:21 +0800] 0:0:0:0:0:0:0:1 "GET /cas-management HTTP/1.1" 302 (0 ms)
[18/Jan/2019:16:02:21 +0800] 0:0:0:0:0:0:0:1 "GET /cas-management/ HTTP/1.1" 302 (4 ms)
[18/Jan/2019:16:02:21 +0800] 0:0:0:0:0:0:0:1 "GET /cas-management/manage.html HTTP/1.1" 302 (3 ms)
[18/Jan/2019:16:04:14 +0800] 0:0:0:0:0:0:0:1 "GET /cas-management/manage.html?ticket=ST-5-Jmgqvlkmef5246vwgl2C-SKY-20181120RDD HTTP/1.1" 200 (49 ms)
[18/Jan/2019:16:04:14 +0800] 0:0:0:0:0:0:0:1 "GET /cas-management/css/cas-management.css HTTP/1.1" 304 (8 ms)
[18/Jan/2019:16:04:14 +0800] 0:0:0:0:0:0:0:1 "GET /cas-management/js/app/app-angular.js HTTP/1.1" 304 (4 ms)
[18/Jan/2019:16:04:14 +0800] 0:0:0:0:0:0:0:1 "GET /cas-management/images/logo_cas.png HTTP/1.1" 304 (4 ms)
[18/Jan/2019:16:04:14 +0800] 0:0:0:0:0:0:0:1 "GET /cas-management/js/app-jquery.js HTTP/1.1" 304 (3 ms)
[18/Jan/2019:16:06:21 +0800] 0:0:0:0:0:0:0:1 "GET /favicon.ico HTTP/1.1" 404 (0 ms)
[18/Jan/2019:16:06:21 +0800] 0:0:0:0:0:0:0:1 "GET /cas-management HTTP/1.1" 302 (0 ms)
[18/Jan/2019:16:06:21 +0800] 0:0:0:0:0:0:0:1 "GET /cas-management/ HTTP/1.1" 302 (3 ms)
[18/Jan/2019:16:06:21 +0800] 0:0:0:0:0:0:0:1 "GET /cas-management/manage.html HTTP/1.1" 302 (3 ms)
[18/Jan/2019:16:07:35 +0800] 0:0:0:0:0:0:0:1 "GET /cas-management/manage.html?ticket=ST-6-LM9GEg3AteAD2pI7UNQA-SKY-20181120RDD HTTP/1.1" 200 (59 ms)
[18/Jan/2019:16:07:35 +0800] 0:0:0:0:0:0:0:1 "GET /cas-management/js/app-jquery.js HTTP/1.1" 200 (3 ms)
[18/Jan/2019:16:07:35 +0800] 0:0:0:0:0:0:0:1 "GET /cas-management/js/app/app-angular.js HTTP/1.1" 200 (9 ms)
[18/Jan/2019:16:07:35 +0800] 0:0:0:0:0:0:0:1 "GET /cas-management/css/cas-management.css HTTP/1.1" 200 (15 ms)
[18/Jan/2019:16:07:35 +0800] 0:0:0:0:0:0:0:1 "GET /cas-management/images/logo_cas.png HTTP/1.1" 200 (5 ms)
[18/Jan/2019:16:08:39 +0800] 0:0:0:0:0:0:0:1 "GET /cas-management/favicon.ico HTTP/1.1" 200 (1809 ms)
[18/Jan/2019:16:12:01 +0800] 0:0:0:0:0:0:0:1 "GET /cas-management HTTP/1.1" 302 (0 ms)
[18/Jan/2019:16:12:01 +0800] 0:0:0:0:0:0:0:1 "GET /cas-management/ HTTP/1.1" 302 (3 ms)
[18/Jan/2019:16:12:01 +0800] 0:0:0:0:0:0:0:1 "GET /cas-management/manage.html HTTP/1.1" 302 (4 ms)
[18/Jan/2019:16:14:08 +0800] 0:0:0:0:0:0:0:1 "GET /cas-management/manage.html?ticket=ST-7-3c3yiaXKiXYYPn5XqFoc-SKY-20181120RDD HTTP/1.1" 200 (55 ms)
[18/Jan/2019:16:14:08 +0800] 0:0:0:0:0:0:0:1 "GET /cas-management/js/app/app-angular.js HTTP/1.1" 304 (3 ms)
[18/Jan/2019:16:14:08 +0800] 0:0:0:0:0:0:0:1 "GET /cas-management/js/app-jquery.js HTTP/1.1" 304 (2 ms)
[18/Jan/2019:16:14:08 +0800] 0:0:0:0:0:0:0:1 "GET /cas-management/css/cas-management.css HTTP/1.1" 304 (17 ms)
[18/Jan/2019:16:14:08 +0800] 0:0:0:0:0:0:0:1 "GET /cas-management/images/logo_cas.png HTTP/1.1" 304 (7 ms)
[18/Jan/2019:16:15:10 +0800] 0:0:0:0:0:0:0:1 "GET /cas-management/manage.html HTTP/1.1" 302 (4 ms)
[18/Jan/2019:16:15:10 +0800] 0:0:0:0:0:0:0:1 "GET /cas-management/manage.html?ticket=ST-8-12ngQLNXNilWSTYT3Hcf-SKY-20181120RDD HTTP/1.1" 200 (42 ms)
[18/Jan/2019:16:17:08 +0800] 0:0:0:0:0:0:0:1 "GET /cas-management/manage.html?ticket=ST-7-3c3yiaXKiXYYPn5XqFoc-SKY-20181120RDD HTTP/1.1" 200 (58 ms)
[18/Jan/2019:16:17:50 +0800] 0:0:0:0:0:0:0:1 "GET /cas-management/js/app/app-angular.js HTTP/1.1" 304 (4 ms)
[18/Jan/2019:16:17:50 +0800] 0:0:0:0:0:0:0:1 "GET /cas-management/js/app-jquery.js HTTP/1.1" 304 (3 ms)
[18/Jan/2019:16:17:50 +0800] 0:0:0:0:0:0:0:1 "GET /cas-management/images/logo_cas.png HTTP/1.1" 304 (2 ms)
[18/Jan/2019:16:17:50 +0800] 0:0:0:0:0:0:0:1 "GET /cas-management/favicon.ico HTTP/1.1" 200 (3 ms)
[18/Jan/2019:16:37:12 +0800] 0:0:0:0:0:0:0:1 "GET /cas-management HTTP/1.1" 302 (0 ms)
[18/Jan/2019:16:37:14 +0800] 0:0:0:0:0:0:0:1 "GET /cas-management/ HTTP/1.1" 302 (2066 ms)
[18/Jan/2019:16:37:15 +0800] 0:0:0:0:0:0:0:1 "GET /cas-management/manage.html HTTP/1.1" 302 (44 ms)
[18/Jan/2019:16:38:45 +0800] 0:0:0:0:0:0:0:1 "GET /cas-management/manage.html?ticket=ST-1-j9J7IZKT2uNzQfxFaG3v-SKY-20181120RDD HTTP/1.1" 200 (2347 ms)
[18/Jan/2019:16:38:45 +0800] 0:0:0:0:0:0:0:1 "GET /cas-management/js/app-jquery.js HTTP/1.1" 200 (16 ms)
[18/Jan/2019:16:38:45 +0800] 0:0:0:0:0:0:0:1 "GET /cas-management/images/logo_cas.png HTTP/1.1" 200 (13 ms)
[18/Jan/2019:16:38:45 +0800] 0:0:0:0:0:0:0:1 "GET /cas-management/js/app/app-angular.js HTTP/1.1" 200 (29 ms)
[18/Jan/2019:16:38:45 +0800] 0:0:0:0:0:0:0:1 "GET /cas-management/css/cas-management.css HTTP/1.1" 200 (90 ms)
